<?xml version="1.0" encoding="UTF-8"?>
<coverage generated="1723630292047" clover="3.2.0">
  <project timestamp="1723630292047" name="All files">
    <metrics statements="12" coveredstatements="12" conditionals="6" coveredconditionals="6" methods="4" coveredmethods="4" elements="22" coveredelements="22" complexity="0" loc="12" ncloc="12" packages="1" files="4" classes="4"/>
    <file name="append-element-to-array.ts" path="/home/kaskar/projects/helper/src/arrays/append-element-to-array.ts">
      <metrics statements="2" coveredstatements="2" conditionals="0" coveredconditionals="0" methods="1" coveredmethods="1"/>
      <line num="8" count="1" type="stmt"/>
      <line num="9" count="2" type="stmt"/>
    </file>
    <file name="insert-element-into-array.ts" path="/home/kaskar/projects/helper/src/arrays/insert-element-into-array.ts">
      <metrics statements="4" coveredstatements="4" conditionals="3" coveredconditionals="3" methods="1" coveredmethods="1"/>
      <line num="10" count="1" type="stmt"/>
      <line num="15" count="4" type="cond" truecount="3" falsecount="0"/>
      <line num="16" count="1" type="stmt"/>
      <line num="18" count="3" type="stmt"/>
    </file>
    <file name="prepend-element-to-array.ts" path="/home/kaskar/projects/helper/src/arrays/prepend-element-to-array.ts">
      <metrics statements="2" coveredstatements="2" conditionals="0" coveredconditionals="0" methods="1" coveredmethods="1"/>
      <line num="8" count="1" type="stmt"/>
      <line num="9" count="2" type="stmt"/>
    </file>
    <file name="remove-element-from-array.ts" path="/home/kaskar/projects/helper/src/arrays/remove-element-from-array.ts">
      <metrics statements="4" coveredstatements="4" conditionals="3" coveredconditionals="3" methods="1" coveredmethods="1"/>
      <line num="9" count="1" type="stmt"/>
      <line num="10" count="4" type="cond" truecount="3" falsecount="0"/>
      <line num="11" count="1" type="stmt"/>
      <line num="13" count="3" type="stmt"/>
    </file>
  </project>
</coverage>
