{"/home/kaskar/projects/helper/src/arrays/append-element-to-array.ts": {"path":"/home/kaskar/projects/helper/src/arrays/append-element-to-array.ts","statementMap":{"0":{"start":{"line":9,"column":2},"end":{"line":9,"column":27}},"1":{"start":{"line":8,"column":0},"end":{"line":8,"column":16}}},"fnMap":{"0":{"name":"appendElementToArray","decl":{"start":{"line":8,"column":16},"end":{"line":8,"column":36}},"loc":{"start":{"line":8,"column":60},"end":{"line":10,"column":1}}}},"branchMap":{},"s":{"0":2,"1":1},"f":{"0":2},"b":{}}
,"/home/kaskar/projects/helper/src/arrays/insert-element-into-array.ts": {"path":"/home/kaskar/projects/helper/src/arrays/insert-element-into-array.ts","statementMap":{"0":{"start":{"line":15,"column":2},"end":{"line":17,"column":null}},"1":{"start":{"line":16,"column":4},"end":{"line":16,"column":43}},"2":{"start":{"line":18,"column":2},"end":{"line":18,"column":64}},"3":{"start":{"line":10,"column":0},"end":{"line":10,"column":16}}},"fnMap":{"0":{"name":"insertElementIntoArray","decl":{"start":{"line":10,"column":16},"end":{"line":10,"column":38}},"loc":{"start":{"line":13,"column":15},"end":{"line":19,"column":1}}}},"branchMap":{"0":{"loc":{"start":{"line":15,"column":2},"end":{"line":17,"column":null}},"type":"if","locations":[{"start":{"line":15,"column":2},"end":{"line":17,"column":null}}]},"1":{"loc":{"start":{"line":15,"column":6},"end":{"line":15,"column":37}},"type":"binary-expr","locations":[{"start":{"line":15,"column":6},"end":{"line":15,"column":15}},{"start":{"line":15,"column":19},"end":{"line":15,"column":37}}]}},"s":{"0":4,"1":1,"2":3,"3":1},"f":{"0":4},"b":{"0":[1],"1":[4,4]}}
,"/home/kaskar/projects/helper/src/arrays/prepend-element-to-array.ts": {"path":"/home/kaskar/projects/helper/src/arrays/prepend-element-to-array.ts","statementMap":{"0":{"start":{"line":9,"column":2},"end":{"line":9,"column":27}},"1":{"start":{"line":8,"column":0},"end":{"line":8,"column":16}}},"fnMap":{"0":{"name":"prependElementToArray","decl":{"start":{"line":8,"column":16},"end":{"line":8,"column":37}},"loc":{"start":{"line":8,"column":61},"end":{"line":10,"column":1}}}},"branchMap":{},"s":{"0":2,"1":1},"f":{"0":2},"b":{}}
,"/home/kaskar/projects/helper/src/arrays/remove-element-from-array.ts": {"path":"/home/kaskar/projects/helper/src/arrays/remove-element-from-array.ts","statementMap":{"0":{"start":{"line":10,"column":2},"end":{"line":12,"column":null}},"1":{"start":{"line":11,"column":4},"end":{"line":11,"column":43}},"2":{"start":{"line":13,"column":2},"end":{"line":13,"column":59}},"3":{"start":{"line":9,"column":0},"end":{"line":9,"column":16}}},"fnMap":{"0":{"name":"removeElementFromArray","decl":{"start":{"line":9,"column":16},"end":{"line":9,"column":38}},"loc":{"start":{"line":9,"column":65},"end":{"line":14,"column":1}}}},"branchMap":{"0":{"loc":{"start":{"line":10,"column":2},"end":{"line":12,"column":null}},"type":"if","locations":[{"start":{"line":10,"column":2},"end":{"line":12,"column":null}}]},"1":{"loc":{"start":{"line":10,"column":6},"end":{"line":10,"column":38}},"type":"binary-expr","locations":[{"start":{"line":10,"column":6},"end":{"line":10,"column":15}},{"start":{"line":10,"column":19},"end":{"line":10,"column":38}}]}},"s":{"0":4,"1":1,"2":3,"3":1},"f":{"0":4},"b":{"0":[1],"1":[4,4]}}
}
