TN:
SF:src/arrays/append-element-to-array.ts
FN:8,appendElementToArray
FNF:1
FNH:1
FNDA:2,appendElementToArray
DA:8,1
DA:9,2
LF:2
LH:2
BRF:0
BRH:0
end_of_record
TN:
SF:src/arrays/insert-element-into-array.ts
FN:10,insertElementIntoArray
FNF:1
FNH:1
FNDA:4,insertElementIntoArray
DA:10,1
DA:15,4
DA:16,1
DA:18,3
LF:4
LH:4
BRDA:15,0,0,1
BRDA:15,1,0,4
BRDA:15,1,1,4
BRF:3
BRH:3
end_of_record
TN:
SF:src/arrays/prepend-element-to-array.ts
FN:8,prependElementToArray
FNF:1
FNH:1
FNDA:2,prependElementToArray
DA:8,1
DA:9,2
LF:2
LH:2
BRF:0
BRH:0
end_of_record
TN:
SF:src/arrays/remove-element-from-array.ts
FN:9,removeElementFromArray
FNF:1
FNH:1
FNDA:4,removeElementFromArray
DA:9,1
DA:10,4
DA:11,1
DA:13,3
LF:4
LH:4
BRDA:10,0,0,1
BRDA:10,1,0,4
BRDA:10,1,1,4
BRF:3
BRH:3
end_of_record
